<?xml version="1.0" encoding="UTF-8"?>
<testsuite xmlns:xsi="http://www.w3.org/2001/XMLSchema-instance" xsi:noNamespaceSchemaLocation="https://maven.apache.org/surefire/maven-surefire-plugin/xsd/surefire-test-report.xsd" name="com.study.realtimelogger.RealtimeLoggerApplicationTests" time="3.056" tests="1" errors="0" skipped="0" failures="0">
  <properties>
    <property name="sun.desktop" value="windows"/>
    <property name="awt.toolkit" value="sun.awt.windows.WToolkit"/>
    <property name="file.encoding.pkg" value="sun.io"/>
    <property name="java.specification.version" value="1.8"/>
    <property name="sun.cpu.isalist" value="amd64"/>
    <property name="sun.jnu.encoding" value="GBK"/>
    <property name="java.class.path" value="E:\实时项目\realTime-logger\target\test-classes;E:\实时项目\realTime-logger\target\classes;E:\实时项目\reamTime-common\target\reamTime-common-1.0-SNAPSHOT.jar;D:\maven-repository\com\alibaba\fastjson\1.2.47\fastjson-1.2.47.jar;D:\maven-repository\org\apache\httpcomponents\httpclient\4.5.5\httpclient-4.5.5.jar;D:\maven-repository\org\apache\httpcomponents\httpcore\4.4.13\httpcore-4.4.13.jar;D:\maven-repository\commons-logging\commons-logging\1.2\commons-logging-1.2.jar;D:\maven-repository\commons-codec\commons-codec\1.14\commons-codec-1.14.jar;D:\maven-repository\org\apache\httpcomponents\httpmime\4.3.6\httpmime-4.3.6.jar;D:\maven-repository\io\searchbox\jest\5.3.3\jest-5.3.3.jar;D:\maven-repository\io\searchbox\jest-common\5.3.3\jest-common-5.3.3.jar;D:\maven-repository\com\google\guava\guava\21.0\guava-21.0.jar;D:\maven-repository\com\google\code\gson\gson\2.8.6\gson-2.8.6.jar;D:\maven-repository\org\apache\httpcomponents\httpcore-nio\4.4.13\httpcore-nio-4.4.13.jar;D:\maven-repository\org\apache\httpcomponents\httpasyncclient\4.1.4\httpasyncclient-4.1.4.jar;D:\maven-repository\net\java\dev\jna\jna\4.5.2\jna-4.5.2.jar;D:\maven-repository\org\codehaus\janino\commons-compiler\3.1.2\commons-compiler-3.1.2.jar;D:\maven-repository\org\springframework\boot\spring-boot-starter-web\2.3.0.RELEASE\spring-boot-starter-web-2.3.0.RELEASE.jar;D:\maven-repository\org\springframework\boot\spring-boot-starter-json\2.3.0.RELEASE\spring-boot-starter-json-2.3.0.RELEASE.jar;D:\maven-repository\com\fasterxml\jackson\core\jackson-databind\2.11.0\jackson-databind-2.11.0.jar;D:\maven-repository\com\fasterxml\jackson\core\jackson-annotations\2.11.0\jackson-annotations-2.11.0.jar;D:\maven-repository\com\fasterxml\jackson\core\jackson-core\2.11.0\jackson-core-2.11.0.jar;D:\maven-repository\com\fasterxml\jackson\datatype\jackson-datatype-jdk8\2.11.0\jackson-datatype-jdk8-2.11.0.jar;D:\maven-repository\com\fasterxml\jackson\datatype\jackson-datatype-jsr310\2.11.0\jackson-datatype-jsr310-2.11.0.jar;D:\maven-repository\com\fasterxml\jackson\module\jackson-module-parameter-names\2.11.0\jackson-module-parameter-names-2.11.0.jar;D:\maven-repository\org\springframework\boot\spring-boot-starter-tomcat\2.3.0.RELEASE\spring-boot-starter-tomcat-2.3.0.RELEASE.jar;D:\maven-repository\org\apache\tomcat\embed\tomcat-embed-core\9.0.35\tomcat-embed-core-9.0.35.jar;D:\maven-repository\org\glassfish\jakarta.el\3.0.3\jakarta.el-3.0.3.jar;D:\maven-repository\org\apache\tomcat\embed\tomcat-embed-websocket\9.0.35\tomcat-embed-websocket-9.0.35.jar;D:\maven-repository\org\springframework\spring-web\5.2.6.RELEASE\spring-web-5.2.6.RELEASE.jar;D:\maven-repository\org\springframework\spring-beans\5.2.6.RELEASE\spring-beans-5.2.6.RELEASE.jar;D:\maven-repository\org\springframework\spring-webmvc\5.2.6.RELEASE\spring-webmvc-5.2.6.RELEASE.jar;D:\maven-repository\org\springframework\spring-aop\5.2.6.RELEASE\spring-aop-5.2.6.RELEASE.jar;D:\maven-repository\org\springframework\spring-expression\5.2.6.RELEASE\spring-expression-5.2.6.RELEASE.jar;D:\maven-repository\org\springframework\kafka\spring-kafka\2.5.0.RELEASE\spring-kafka-2.5.0.RELEASE.jar;D:\maven-repository\org\springframework\spring-context\5.2.6.RELEASE\spring-context-5.2.6.RELEASE.jar;D:\maven-repository\org\springframework\spring-messaging\5.2.6.RELEASE\spring-messaging-5.2.6.RELEASE.jar;D:\maven-repository\org\springframework\spring-tx\5.2.6.RELEASE\spring-tx-5.2.6.RELEASE.jar;D:\maven-repository\org\springframework\retry\spring-retry\1.2.5.RELEASE\spring-retry-1.2.5.RELEASE.jar;D:\maven-repository\org\apache\kafka\kafka-clients\2.5.0\kafka-clients-2.5.0.jar;D:\maven-repository\com\github\luben\zstd-jni\1.4.4-7\zstd-jni-1.4.4-7.jar;D:\maven-repository\org\lz4\lz4-java\1.7.1\lz4-java-1.7.1.jar;D:\maven-repository\org\xerial\snappy\snappy-java\1.1.7.3\snappy-java-1.1.7.3.jar;D:\maven-repository\org\springframework\boot\spring-boot-starter-test\2.3.0.RELEASE\spring-boot-starter-test-2.3.0.RELEASE.jar;D:\maven-repository\org\springframework\boot\spring-boot-test\2.3.0.RELEASE\spring-boot-test-2.3.0.RELEASE.jar;D:\maven-repository\org\springframework\boot\spring-boot-test-autoconfigure\2.3.0.RELEASE\spring-boot-test-autoconfigure-2.3.0.RELEASE.jar;D:\maven-repository\com\jayway\jsonpath\json-path\2.4.0\json-path-2.4.0.jar;D:\maven-repository\net\minidev\json-smart\2.3\json-smart-2.3.jar;D:\maven-repository\net\minidev\accessors-smart\1.2\accessors-smart-1.2.jar;D:\maven-repository\org\ow2\asm\asm\5.0.4\asm-5.0.4.jar;D:\maven-repository\jakarta\xml\bind\jakarta.xml.bind-api\2.3.3\jakarta.xml.bind-api-2.3.3.jar;D:\maven-repository\jakarta\activation\jakarta.activation-api\1.2.2\jakarta.activation-api-1.2.2.jar;D:\maven-repository\org\assertj\assertj-core\3.16.1\assertj-core-3.16.1.jar;D:\maven-repository\org\hamcrest\hamcrest\2.2\hamcrest-2.2.jar;D:\maven-repository\org\junit\jupiter\junit-jupiter\5.6.2\junit-jupiter-5.6.2.jar;D:\maven-repository\org\junit\jupiter\junit-jupiter-params\5.6.2\junit-jupiter-params-5.6.2.jar;D:\maven-repository\org\junit\jupiter\junit-jupiter-engine\5.6.2\junit-jupiter-engine-5.6.2.jar;D:\maven-repository\org\junit\platform\junit-platform-engine\1.6.2\junit-platform-engine-1.6.2.jar;D:\maven-repository\org\mockito\mockito-core\3.3.3\mockito-core-3.3.3.jar;D:\maven-repository\net\bytebuddy\byte-buddy\1.10.10\byte-buddy-1.10.10.jar;D:\maven-repository\net\bytebuddy\byte-buddy-agent\1.10.10\byte-buddy-agent-1.10.10.jar;D:\maven-repository\org\objenesis\objenesis\2.6\objenesis-2.6.jar;D:\maven-repository\org\mockito\mockito-junit-jupiter\3.3.3\mockito-junit-jupiter-3.3.3.jar;D:\maven-repository\org\skyscreamer\jsonassert\1.5.0\jsonassert-1.5.0.jar;D:\maven-repository\com\vaadin\external\google\android-json\0.0.20131108.vaadin1\android-json-0.0.20131108.vaadin1.jar;D:\maven-repository\org\springframework\spring-core\5.2.6.RELEASE\spring-core-5.2.6.RELEASE.jar;D:\maven-repository\org\springframework\spring-jcl\5.2.6.RELEASE\spring-jcl-5.2.6.RELEASE.jar;D:\maven-repository\org\springframework\spring-test\5.2.6.RELEASE\spring-test-5.2.6.RELEASE.jar;D:\maven-repository\org\xmlunit\xmlunit-core\2.7.0\xmlunit-core-2.7.0.jar;D:\maven-repository\org\springframework\kafka\spring-kafka-test\2.5.0.RELEASE\spring-kafka-test-2.5.0.RELEASE.jar;D:\maven-repository\org\apache\kafka\kafka-clients\2.5.0\kafka-clients-2.5.0-test.jar;D:\maven-repository\org\apache\kafka\kafka-streams\2.5.0\kafka-streams-2.5.0.jar;D:\maven-repository\org\apache\kafka\connect-json\2.5.0\connect-json-2.5.0.jar;D:\maven-repository\org\apache\kafka\connect-api\2.5.0\connect-api-2.5.0.jar;D:\maven-repository\org\rocksdb\rocksdbjni\5.18.3\rocksdbjni-5.18.3.jar;D:\maven-repository\org\apache\kafka\kafka-streams-test-utils\2.5.0\kafka-streams-test-utils-2.5.0.jar;D:\maven-repository\org\apache\kafka\kafka_2.12\2.5.0\kafka_2.12-2.5.0.jar;D:\maven-repository\com\fasterxml\jackson\module\jackson-module-scala_2.12\2.11.0\jackson-module-scala_2.12-2.11.0.jar;D:\maven-repository\com\fasterxml\jackson\module\jackson-module-paranamer\2.11.0\jackson-module-paranamer-2.11.0.jar;D:\maven-repository\com\thoughtworks\paranamer\paranamer\2.8\paranamer-2.8.jar;D:\maven-repository\com\fasterxml\jackson\dataformat\jackson-dataformat-csv\2.11.0\jackson-dataformat-csv-2.11.0.jar;D:\maven-repository\net\sf\jopt-simple\jopt-simple\5.0.4\jopt-simple-5.0.4.jar;D:\maven-repository\com\yammer\metrics\metrics-core\2.2.0\metrics-core-2.2.0.jar;D:\maven-repository\org\scala-lang\modules\scala-collection-compat_2.12\2.1.3\scala-collection-compat_2.12-2.1.3.jar;D:\maven-repository\org\scala-lang\modules\scala-java8-compat_2.12\0.9.0\scala-java8-compat_2.12-0.9.0.jar;D:\maven-repository\org\scala-lang\scala-library\2.12.10\scala-library-2.12.10.jar;D:\maven-repository\org\scala-lang\scala-reflect\2.12.10\scala-reflect-2.12.10.jar;D:\maven-repository\com\typesafe\scala-logging\scala-logging_2.12\3.9.2\scala-logging_2.12-3.9.2.jar;D:\maven-repository\org\apache\zookeeper\zookeeper\3.5.7\zookeeper-3.5.7.jar;D:\maven-repository\org\apache\zookeeper\zookeeper-jute\3.5.7\zookeeper-jute-3.5.7.jar;D:\maven-repository\org\apache\yetus\audience-annotations\0.5.0\audience-annotations-0.5.0.jar;D:\maven-repository\io\netty\netty-handler\4.1.49.Final\netty-handler-4.1.49.Final.jar;D:\maven-repository\io\netty\netty-common\4.1.49.Final\netty-common-4.1.49.Final.jar;D:\maven-repository\io\netty\netty-resolver\4.1.49.Final\netty-resolver-4.1.49.Final.jar;D:\maven-repository\io\netty\netty-buffer\4.1.49.Final\netty-buffer-4.1.49.Final.jar;D:\maven-repository\io\netty\netty-transport\4.1.49.Final\netty-transport-4.1.49.Final.jar;D:\maven-repository\io\netty\netty-codec\4.1.49.Final\netty-codec-4.1.49.Final.jar;D:\maven-repository\io\netty\netty-transport-native-epoll\4.1.49.Final\netty-transport-native-epoll-4.1.49.Final.jar;D:\maven-repository\io\netty\netty-transport-native-unix-common\4.1.49.Final\netty-transport-native-unix-common-4.1.49.Final.jar;D:\maven-repository\commons-cli\commons-cli\1.4\commons-cli-1.4.jar;D:\maven-repository\org\apache\kafka\kafka_2.12\2.5.0\kafka_2.12-2.5.0-test.jar;D:\maven-repository\org\junit\jupiter\junit-jupiter-api\5.6.2\junit-jupiter-api-5.6.2.jar;D:\maven-repository\org\apiguardian\apiguardian-api\1.1.0\apiguardian-api-1.1.0.jar;D:\maven-repository\org\opentest4j\opentest4j\1.2.0\opentest4j-1.2.0.jar;D:\maven-repository\org\junit\platform\junit-platform-commons\1.6.2\junit-platform-commons-1.6.2.jar;D:\maven-repository\org\springframework\boot\spring-boot-starter\2.3.0.RELEASE\spring-boot-starter-2.3.0.RELEASE.jar;D:\maven-repository\org\springframework\boot\spring-boot\2.3.0.RELEASE\spring-boot-2.3.0.RELEASE.jar;D:\maven-repository\org\springframework\boot\spring-boot-autoconfigure\2.3.0.RELEASE\spring-boot-autoconfigure-2.3.0.RELEASE.jar;D:\maven-repository\jakarta\annotation\jakarta.annotation-api\1.3.5\jakarta.annotation-api-1.3.5.jar;D:\maven-repository\org\yaml\snakeyaml\1.26\snakeyaml-1.26.jar;D:\maven-repository\org\springframework\boot\spring-boot-starter-log4j\1.3.8.RELEASE\spring-boot-starter-log4j-1.3.8.RELEASE.jar;D:\maven-repository\org\slf4j\jul-to-slf4j\2.0.0-alpha1\jul-to-slf4j-2.0.0-alpha1.jar;D:\maven-repository\org\slf4j\jcl-over-slf4j\2.0.0-alpha1\jcl-over-slf4j-2.0.0-alpha1.jar;D:\maven-repository\org\slf4j\slf4j-api\2.0.0-alpha1\slf4j-api-2.0.0-alpha1.jar;D:\maven-repository\org\slf4j\slf4j-log4j12\2.0.0-alpha1\slf4j-log4j12-2.0.0-alpha1.jar;D:\maven-repository\log4j\log4j\1.2.17\log4j-1.2.17.jar;"/>
    <property name="java.vm.vendor" value="Oracle Corporation"/>
    <property name="sun.arch.data.model" value="64"/>
    <property name="user.variant" value=""/>
    <property name="java.vendor.url" value="http://java.oracle.com/"/>
    <property name="user.timezone" value="Asia/Shanghai"/>
    <property name="java.vm.specification.version" value="1.8"/>
    <property name="os.name" value="Windows 10"/>
    <property name="user.country" value="CN"/>
    <property name="sun.java.launcher" value="SUN_STANDARD"/>
    <property name="sun.boot.library.path" value="D:\JavaJDK\jre\bin"/>
    <property name="sun.java.command" value="C:\Users\YWJ0806\AppData\Local\Temp\surefire5943748648110254809\surefirebooter3271881803860883547.jar C:\Users\YWJ0806\AppData\Local\Temp\surefire5943748648110254809 2020-05-28T14-27-10_659-jvmRun1 surefire7545673879283058040tmp surefire_04353789905711868396tmp"/>
    <property name="surefire.test.class.path" value="E:\实时项目\realTime-logger\target\test-classes;E:\实时项目\realTime-logger\target\classes;E:\实时项目\reamTime-common\target\reamTime-common-1.0-SNAPSHOT.jar;D:\maven-repository\com\alibaba\fastjson\1.2.47\fastjson-1.2.47.jar;D:\maven-repository\org\apache\httpcomponents\httpclient\4.5.5\httpclient-4.5.5.jar;D:\maven-repository\org\apache\httpcomponents\httpcore\4.4.13\httpcore-4.4.13.jar;D:\maven-repository\commons-logging\commons-logging\1.2\commons-logging-1.2.jar;D:\maven-repository\commons-codec\commons-codec\1.14\commons-codec-1.14.jar;D:\maven-repository\org\apache\httpcomponents\httpmime\4.3.6\httpmime-4.3.6.jar;D:\maven-repository\io\searchbox\jest\5.3.3\jest-5.3.3.jar;D:\maven-repository\io\searchbox\jest-common\5.3.3\jest-common-5.3.3.jar;D:\maven-repository\com\google\guava\guava\21.0\guava-21.0.jar;D:\maven-repository\com\google\code\gson\gson\2.8.6\gson-2.8.6.jar;D:\maven-repository\org\apache\httpcomponents\httpcore-nio\4.4.13\httpcore-nio-4.4.13.jar;D:\maven-repository\org\apache\httpcomponents\httpasyncclient\4.1.4\httpasyncclient-4.1.4.jar;D:\maven-repository\net\java\dev\jna\jna\4.5.2\jna-4.5.2.jar;D:\maven-repository\org\codehaus\janino\commons-compiler\3.1.2\commons-compiler-3.1.2.jar;D:\maven-repository\org\springframework\boot\spring-boot-starter-web\2.3.0.RELEASE\spring-boot-starter-web-2.3.0.RELEASE.jar;D:\maven-repository\org\springframework\boot\spring-boot-starter-json\2.3.0.RELEASE\spring-boot-starter-json-2.3.0.RELEASE.jar;D:\maven-repository\com\fasterxml\jackson\core\jackson-databind\2.11.0\jackson-databind-2.11.0.jar;D:\maven-repository\com\fasterxml\jackson\core\jackson-annotations\2.11.0\jackson-annotations-2.11.0.jar;D:\maven-repository\com\fasterxml\jackson\core\jackson-core\2.11.0\jackson-core-2.11.0.jar;D:\maven-repository\com\fasterxml\jackson\datatype\jackson-datatype-jdk8\2.11.0\jackson-datatype-jdk8-2.11.0.jar;D:\maven-repository\com\fasterxml\jackson\datatype\jackson-datatype-jsr310\2.11.0\jackson-datatype-jsr310-2.11.0.jar;D:\maven-repository\com\fasterxml\jackson\module\jackson-module-parameter-names\2.11.0\jackson-module-parameter-names-2.11.0.jar;D:\maven-repository\org\springframework\boot\spring-boot-starter-tomcat\2.3.0.RELEASE\spring-boot-starter-tomcat-2.3.0.RELEASE.jar;D:\maven-repository\org\apache\tomcat\embed\tomcat-embed-core\9.0.35\tomcat-embed-core-9.0.35.jar;D:\maven-repository\org\glassfish\jakarta.el\3.0.3\jakarta.el-3.0.3.jar;D:\maven-repository\org\apache\tomcat\embed\tomcat-embed-websocket\9.0.35\tomcat-embed-websocket-9.0.35.jar;D:\maven-repository\org\springframework\spring-web\5.2.6.RELEASE\spring-web-5.2.6.RELEASE.jar;D:\maven-repository\org\springframework\spring-beans\5.2.6.RELEASE\spring-beans-5.2.6.RELEASE.jar;D:\maven-repository\org\springframework\spring-webmvc\5.2.6.RELEASE\spring-webmvc-5.2.6.RELEASE.jar;D:\maven-repository\org\springframework\spring-aop\5.2.6.RELEASE\spring-aop-5.2.6.RELEASE.jar;D:\maven-repository\org\springframework\spring-expression\5.2.6.RELEASE\spring-expression-5.2.6.RELEASE.jar;D:\maven-repository\org\springframework\kafka\spring-kafka\2.5.0.RELEASE\spring-kafka-2.5.0.RELEASE.jar;D:\maven-repository\org\springframework\spring-context\5.2.6.RELEASE\spring-context-5.2.6.RELEASE.jar;D:\maven-repository\org\springframework\spring-messaging\5.2.6.RELEASE\spring-messaging-5.2.6.RELEASE.jar;D:\maven-repository\org\springframework\spring-tx\5.2.6.RELEASE\spring-tx-5.2.6.RELEASE.jar;D:\maven-repository\org\springframework\retry\spring-retry\1.2.5.RELEASE\spring-retry-1.2.5.RELEASE.jar;D:\maven-repository\org\apache\kafka\kafka-clients\2.5.0\kafka-clients-2.5.0.jar;D:\maven-repository\com\github\luben\zstd-jni\1.4.4-7\zstd-jni-1.4.4-7.jar;D:\maven-repository\org\lz4\lz4-java\1.7.1\lz4-java-1.7.1.jar;D:\maven-repository\org\xerial\snappy\snappy-java\1.1.7.3\snappy-java-1.1.7.3.jar;D:\maven-repository\org\springframework\boot\spring-boot-starter-test\2.3.0.RELEASE\spring-boot-starter-test-2.3.0.RELEASE.jar;D:\maven-repository\org\springframework\boot\spring-boot-test\2.3.0.RELEASE\spring-boot-test-2.3.0.RELEASE.jar;D:\maven-repository\org\springframework\boot\spring-boot-test-autoconfigure\2.3.0.RELEASE\spring-boot-test-autoconfigure-2.3.0.RELEASE.jar;D:\maven-repository\com\jayway\jsonpath\json-path\2.4.0\json-path-2.4.0.jar;D:\maven-repository\net\minidev\json-smart\2.3\json-smart-2.3.jar;D:\maven-repository\net\minidev\accessors-smart\1.2\accessors-smart-1.2.jar;D:\maven-repository\org\ow2\asm\asm\5.0.4\asm-5.0.4.jar;D:\maven-repository\jakarta\xml\bind\jakarta.xml.bind-api\2.3.3\jakarta.xml.bind-api-2.3.3.jar;D:\maven-repository\jakarta\activation\jakarta.activation-api\1.2.2\jakarta.activation-api-1.2.2.jar;D:\maven-repository\org\assertj\assertj-core\3.16.1\assertj-core-3.16.1.jar;D:\maven-repository\org\hamcrest\hamcrest\2.2\hamcrest-2.2.jar;D:\maven-repository\org\junit\jupiter\junit-jupiter\5.6.2\junit-jupiter-5.6.2.jar;D:\maven-repository\org\junit\jupiter\junit-jupiter-params\5.6.2\junit-jupiter-params-5.6.2.jar;D:\maven-repository\org\junit\jupiter\junit-jupiter-engine\5.6.2\junit-jupiter-engine-5.6.2.jar;D:\maven-repository\org\junit\platform\junit-platform-engine\1.6.2\junit-platform-engine-1.6.2.jar;D:\maven-repository\org\mockito\mockito-core\3.3.3\mockito-core-3.3.3.jar;D:\maven-repository\net\bytebuddy\byte-buddy\1.10.10\byte-buddy-1.10.10.jar;D:\maven-repository\net\bytebuddy\byte-buddy-agent\1.10.10\byte-buddy-agent-1.10.10.jar;D:\maven-repository\org\objenesis\objenesis\2.6\objenesis-2.6.jar;D:\maven-repository\org\mockito\mockito-junit-jupiter\3.3.3\mockito-junit-jupiter-3.3.3.jar;D:\maven-repository\org\skyscreamer\jsonassert\1.5.0\jsonassert-1.5.0.jar;D:\maven-repository\com\vaadin\external\google\android-json\0.0.20131108.vaadin1\android-json-0.0.20131108.vaadin1.jar;D:\maven-repository\org\springframework\spring-core\5.2.6.RELEASE\spring-core-5.2.6.RELEASE.jar;D:\maven-repository\org\springframework\spring-jcl\5.2.6.RELEASE\spring-jcl-5.2.6.RELEASE.jar;D:\maven-repository\org\springframework\spring-test\5.2.6.RELEASE\spring-test-5.2.6.RELEASE.jar;D:\maven-repository\org\xmlunit\xmlunit-core\2.7.0\xmlunit-core-2.7.0.jar;D:\maven-repository\org\springframework\kafka\spring-kafka-test\2.5.0.RELEASE\spring-kafka-test-2.5.0.RELEASE.jar;D:\maven-repository\org\apache\kafka\kafka-clients\2.5.0\kafka-clients-2.5.0-test.jar;D:\maven-repository\org\apache\kafka\kafka-streams\2.5.0\kafka-streams-2.5.0.jar;D:\maven-repository\org\apache\kafka\connect-json\2.5.0\connect-json-2.5.0.jar;D:\maven-repository\org\apache\kafka\connect-api\2.5.0\connect-api-2.5.0.jar;D:\maven-repository\org\rocksdb\rocksdbjni\5.18.3\rocksdbjni-5.18.3.jar;D:\maven-repository\org\apache\kafka\kafka-streams-test-utils\2.5.0\kafka-streams-test-utils-2.5.0.jar;D:\maven-repository\org\apache\kafka\kafka_2.12\2.5.0\kafka_2.12-2.5.0.jar;D:\maven-repository\com\fasterxml\jackson\module\jackson-module-scala_2.12\2.11.0\jackson-module-scala_2.12-2.11.0.jar;D:\maven-repository\com\fasterxml\jackson\module\jackson-module-paranamer\2.11.0\jackson-module-paranamer-2.11.0.jar;D:\maven-repository\com\thoughtworks\paranamer\paranamer\2.8\paranamer-2.8.jar;D:\maven-repository\com\fasterxml\jackson\dataformat\jackson-dataformat-csv\2.11.0\jackson-dataformat-csv-2.11.0.jar;D:\maven-repository\net\sf\jopt-simple\jopt-simple\5.0.4\jopt-simple-5.0.4.jar;D:\maven-repository\com\yammer\metrics\metrics-core\2.2.0\metrics-core-2.2.0.jar;D:\maven-repository\org\scala-lang\modules\scala-collection-compat_2.12\2.1.3\scala-collection-compat_2.12-2.1.3.jar;D:\maven-repository\org\scala-lang\modules\scala-java8-compat_2.12\0.9.0\scala-java8-compat_2.12-0.9.0.jar;D:\maven-repository\org\scala-lang\scala-library\2.12.10\scala-library-2.12.10.jar;D:\maven-repository\org\scala-lang\scala-reflect\2.12.10\scala-reflect-2.12.10.jar;D:\maven-repository\com\typesafe\scala-logging\scala-logging_2.12\3.9.2\scala-logging_2.12-3.9.2.jar;D:\maven-repository\org\apache\zookeeper\zookeeper\3.5.7\zookeeper-3.5.7.jar;D:\maven-repository\org\apache\zookeeper\zookeeper-jute\3.5.7\zookeeper-jute-3.5.7.jar;D:\maven-repository\org\apache\yetus\audience-annotations\0.5.0\audience-annotations-0.5.0.jar;D:\maven-repository\io\netty\netty-handler\4.1.49.Final\netty-handler-4.1.49.Final.jar;D:\maven-repository\io\netty\netty-common\4.1.49.Final\netty-common-4.1.49.Final.jar;D:\maven-repository\io\netty\netty-resolver\4.1.49.Final\netty-resolver-4.1.49.Final.jar;D:\maven-repository\io\netty\netty-buffer\4.1.49.Final\netty-buffer-4.1.49.Final.jar;D:\maven-repository\io\netty\netty-transport\4.1.49.Final\netty-transport-4.1.49.Final.jar;D:\maven-repository\io\netty\netty-codec\4.1.49.Final\netty-codec-4.1.49.Final.jar;D:\maven-repository\io\netty\netty-transport-native-epoll\4.1.49.Final\netty-transport-native-epoll-4.1.49.Final.jar;D:\maven-repository\io\netty\netty-transport-native-unix-common\4.1.49.Final\netty-transport-native-unix-common-4.1.49.Final.jar;D:\maven-repository\commons-cli\commons-cli\1.4\commons-cli-1.4.jar;D:\maven-repository\org\apache\kafka\kafka_2.12\2.5.0\kafka_2.12-2.5.0-test.jar;D:\maven-repository\org\junit\jupiter\junit-jupiter-api\5.6.2\junit-jupiter-api-5.6.2.jar;D:\maven-repository\org\apiguardian\apiguardian-api\1.1.0\apiguardian-api-1.1.0.jar;D:\maven-repository\org\opentest4j\opentest4j\1.2.0\opentest4j-1.2.0.jar;D:\maven-repository\org\junit\platform\junit-platform-commons\1.6.2\junit-platform-commons-1.6.2.jar;D:\maven-repository\org\springframework\boot\spring-boot-starter\2.3.0.RELEASE\spring-boot-starter-2.3.0.RELEASE.jar;D:\maven-repository\org\springframework\boot\spring-boot\2.3.0.RELEASE\spring-boot-2.3.0.RELEASE.jar;D:\maven-repository\org\springframework\boot\spring-boot-autoconfigure\2.3.0.RELEASE\spring-boot-autoconfigure-2.3.0.RELEASE.jar;D:\maven-repository\jakarta\annotation\jakarta.annotation-api\1.3.5\jakarta.annotation-api-1.3.5.jar;D:\maven-repository\org\yaml\snakeyaml\1.26\snakeyaml-1.26.jar;D:\maven-repository\org\springframework\boot\spring-boot-starter-log4j\1.3.8.RELEASE\spring-boot-starter-log4j-1.3.8.RELEASE.jar;D:\maven-repository\org\slf4j\jul-to-slf4j\2.0.0-alpha1\jul-to-slf4j-2.0.0-alpha1.jar;D:\maven-repository\org\slf4j\jcl-over-slf4j\2.0.0-alpha1\jcl-over-slf4j-2.0.0-alpha1.jar;D:\maven-repository\org\slf4j\slf4j-api\2.0.0-alpha1\slf4j-api-2.0.0-alpha1.jar;D:\maven-repository\org\slf4j\slf4j-log4j12\2.0.0-alpha1\slf4j-log4j12-2.0.0-alpha1.jar;D:\maven-repository\log4j\log4j\1.2.17\log4j-1.2.17.jar;"/>
    <property name="sun.cpu.endian" value="little"/>
    <property name="user.home" value="C:\Users\YWJ0806"/>
    <property name="user.language" value="zh"/>
    <property name="java.specification.vendor" value="Oracle Corporation"/>
    <property name="java.home" value="D:\JavaJDK\jre"/>
    <property name="basedir" value="E:\实时项目\realTime-logger"/>
    <property name="file.separator" value="\"/>
    <property name="line.separator" value="&#10;"/>
    <property name="java.vm.specification.vendor" value="Oracle Corporation"/>
    <property name="java.specification.name" value="Java Platform API Specification"/>
    <property name="java.awt.graphicsenv" value="sun.awt.Win32GraphicsEnvironment"/>
    <property name="surefire.real.class.path" value="C:\Users\YWJ0806\AppData\Local\Temp\surefire5943748648110254809\surefirebooter3271881803860883547.jar"/>
    <property name="sun.boot.class.path" value="D:\JavaJDK\jre\lib\resources.jar;D:\JavaJDK\jre\lib\rt.jar;D:\JavaJDK\jre\lib\sunrsasign.jar;D:\JavaJDK\jre\lib\jsse.jar;D:\JavaJDK\jre\lib\jce.jar;D:\JavaJDK\jre\lib\charsets.jar;D:\JavaJDK\jre\lib\jfr.jar;D:\JavaJDK\jre\classes"/>
    <property name="user.script" value=""/>
    <property name="sun.management.compiler" value="HotSpot 64-Bit Tiered Compilers"/>
    <property name="java.runtime.version" value="1.8.0_211-b12"/>
    <property name="user.name" value="YWJ0806"/>
    <property name="path.separator" value=";"/>
    <property name="os.version" value="10.0"/>
    <property name="java.endorsed.dirs" value="D:\JavaJDK\jre\lib\endorsed"/>
    <property name="java.runtime.name" value="Java(TM) SE Runtime Environment"/>
    <property name="file.encoding" value="GBK"/>
    <property name="java.vm.name" value="Java HotSpot(TM) 64-Bit Server VM"/>
    <property name="idea.version2020.1" value="true"/>
    <property name="localRepository" value="D:\maven-repository"/>
    <property name="java.vendor.url.bug" value="http://bugreport.sun.com/bugreport/"/>
    <property name="java.io.tmpdir" value="C:\Users\YWJ0806\AppData\Local\Temp\"/>
    <property name="java.version" value="1.8.0_211"/>
    <property name="user.dir" value="E:\实时项目\realTime-logger"/>
    <property name="os.arch" value="amd64"/>
    <property name="java.vm.specification.name" value="Java Virtual Machine Specification"/>
    <property name="java.awt.printerjob" value="sun.awt.windows.WPrinterJob"/>
    <property name="sun.os.patch.level" value=""/>
    <property name="java.library.path" value="D:\JavaJDK\jre\bin;C:\WINDOWS\Sun\Java\bin;C:\WINDOWS\system32;C:\WINDOWS;D:\;D:\Anaconda;D:\Anaconda\Library\mingw-w64\bin;D:\Anaconda\Library\usr\bin;D:\Anaconda\Library\bin;D:\Anaconda\Scripts;C:\Program Files\Intel\iCLS Client\;C:\Windows\system32;C:\Windows;C:\Windows\System32\Wbem;C:\Windows\System32\WindowsPowerShell\v1.0\;C:\Program Files (x86)\NVIDIA Corporation\PhysX\Common;C:\Program Files (x86)\Intel\Intel(R) Management Engine Components\DAL;C:\Program Files\Intel\Intel(R) Management Engine Components\DAL;C:\Program Files (x86)\Intel\Intel(R) Management Engine Components\IPT;C:\Program Files\Intel\Intel(R) Management Engine Components\IPT;C:\Program Files\Intel\WiFi\bin\;C:\Program Files\Common Files\Intel\WirelessCommon\;C:\WINDOWS\system32;C:\WINDOWS;C:\WINDOWS\System32\Wbem;C:\WINDOWS\System32\WindowsPowerShell\v1.0\;C:\WINDOWS\System32\OpenSSH\;D:\JavaJDK\bin;D:\apache-maven-3.6.1\bin;D:\mysql-8.0.17\bin;D:\hadoop-3.1.2\bin;D:\Git\cmd;D:\Scala\bin;D:\Scala2.12.4\bin;;C:\Program Files\Docker\Docker\resources\bin;C:\ProgramData\DockerDesktop\version-bin;D:\Python3.7.4\Scripts\;D:\Python3.7.4\;C:\Users\YWJ0806\AppData\Local\Microsoft\WindowsApps;C:\Program Files (x86)\Google\Chrome\Application;;D:\IntelliJ IDEA 2020.1\bin;;."/>
    <property name="java.vm.info" value="mixed mode"/>
    <property name="java.vendor" value="Oracle Corporation"/>
    <property name="java.vm.version" value="25.211-b12"/>
    <property name="java.ext.dirs" value="D:\JavaJDK\jre\lib\ext;C:\WINDOWS\Sun\Java\lib\ext"/>
    <property name="sun.io.unicode.encoding" value="UnicodeLittle"/>
    <property name="java.class.version" value="52.0"/>
  </properties>
  <testcase name="contextLoads" classname="com.study.realtimelogger.RealtimeLoggerApplicationTests" time="0.354"/>
</testsuite>